<?xml version="1.0" encoding="UTF-8"?>
<!-- Generated by org.testng.reporters.JUnitXMLReporter -->
<testsuite ignored="0" hostname="TYSS-Akash-Deb" failures="0" tests="2" name="Default test" time="14.065" errors="0" timestamp="17 Feb 2024 07:52:09 GMT">
  <testcase classname="webElement.textbox.ToRegisterUserAndLoginUser" name="toRegisterUser" time="4.782"/>
  <testcase classname="webElement.textbox.ToRegisterUserAndLoginUser" name="toLoginUser" time="0.86"/>
</testsuite> <!-- Default test -->
